(
  export PKG=react-dates;
  npm info "$PKG" peerDependencies --json | command sed 's/[\{\},]//g ; s/: /@/g; s/ *//g' | xargs npm install --save "$PKG"
)Arguments: 
  /usr/local/Cellar/node/9.4.0/bin/node /usr/local/bin/yarn globall add

PATH: 
  /usr/local/bin:/usr/bin:/bin:/usr/sbin:/sbin:/usr/local/go/bin:/Applications/Wireshark.app/Contents/MacOS:/Users/timothyhill/go/bin:/Users/timothyhill/go/bin

Yarn version: 
  1.5.1

Node version: 
  9.4.0

Platform: 
  darwin x64

npm manifest: 
  {
    "name": "shareproto",
    "version": "0.1.0",
    "private": true,
    "dependencies": {
      "react": "^16.3.2",
      "react-dom": "^16.3.2",
      "react-lazy-hero": "^0.4.0",
      "react-router-dom": "^4.2.2",
      "react-scripts": "1.1.4"
    },
    "scripts": {
      "start": "react-scripts start",
      "build": "react-scripts build",
      "test": "react-scripts test --env=jsdom",
      "eject": "react-scripts eject"
    },
    "description": "",
    "main": "index.js",
    "repository": "git+https://github.com/AlCurry/ShareDaHouse.git",
    "author": "Tim Hill <peakcodes@gmail.com>",
    "license": "ISC",
    "bugs": {
      "url": "https://github.com/AlCurry/ShareDaHouse/issues"
    },
    "homepage": "https://github.com/AlCurry/ShareDaHouse#readme"
  }

yarn manifest: 
  No manifest

Lockfile: 
  No lockfile

Trace: 
  Error: Command "globall" not found.
      at new MessageError (/usr/local/lib/node_modules/yarn/lib/cli.js:186:110)
      at /usr/local/lib/node_modules/yarn/lib/cli.js:87307:17
      at Generator.next (<anonymous>)
      at step (/usr/local/lib/node_modules/yarn/lib/cli.js:98:30)
      at /usr/local/lib/node_modules/yarn/lib/cli.js:116:14
      at new Promise (<anonymous>)
      at new F (/usr/local/lib/node_modules/yarn/lib/cli.js:23451:28)
      at /usr/local/lib/node_modules/yarn/lib/cli.js:95:12
      at runCommand (/usr/local/lib/node_modules/yarn/lib/cli.js:87312:22)
      at Object.<anonymous> (/usr/local/lib/node_modules/yarn/lib/cli.js:87412:14)
